2023-12-19 20:42:27 INFO  JSONReader.readDepartments - Department CSE created.
2023-12-19 20:42:27 INFO  JSONReader.start - Reading JSON data and synchronizing objects for department: CSE
2023-12-19 20:42:27 INFO  JSONReader.readCourses - Course MATH1001 created.
2023-12-19 20:42:27 INFO  JSONReader.readCourses - Course CSE1200 created.
2023-12-19 20:42:27 INFO  JSONReader.readCourses - Course CSE1241 created.
2023-12-19 20:42:27 INFO  JSONReader.readCourses - Course PHYS1101 created.
2023-12-19 20:42:27 INFO  JSONReader.readCourses - Course MBG1201 created.
2023-12-19 20:42:27 INFO  JSONReader.readCourses - Course ATA121 created.
2023-12-19 20:42:27 INFO  JSONReader.readCourses - Course TRD121 created.
2023-12-19 20:42:27 INFO  JSONReader.readCourses - Course PHYS1103 created.
2023-12-19 20:42:27 INFO  JSONReader.readCourses - Course MATH1002 created.
2023-12-19 20:42:27 INFO  JSONReader.readCourses - Course PHYS1104 created.
2023-12-19 20:42:27 INFO  JSONReader.readCourses - Course CSE1242 created.
2023-12-19 20:42:27 INFO  JSONReader.readCourses - Course PHYS1102 created.
2023-12-19 20:42:27 INFO  JSONReader.readCourses - Course ATA122 created.
2023-12-19 20:42:27 INFO  JSONReader.readCourses - Course MATH2256 created.
2023-12-19 20:42:27 INFO  JSONReader.readCourses - Course TRD122 created.
2023-12-19 20:42:27 INFO  JSONReader.readCourses - Course MATH2059 created.
2023-12-19 20:42:27 INFO  JSONReader.readCourses - Course CSE2225 created.
2023-12-19 20:42:27 INFO  JSONReader.readCourses - Course CSE2023 created.
2023-12-19 20:42:27 INFO  JSONReader.readCourses - Course EE2031 created.
2023-12-19 20:42:27 INFO  JSONReader.readCourses - Course ECON2004 created.
2023-12-19 20:42:27 INFO  JSONReader.readCourses - Course MATH2055 created.
2023-12-19 20:42:27 INFO  JSONReader.readCourses - Course CSE2246 created.
2023-12-19 20:42:27 INFO  JSONReader.readCourses - Course CSE2260 created.
2023-12-19 20:42:27 INFO  JSONReader.readCourses - Course EE2032 created.
2023-12-19 20:42:27 INFO  JSONReader.readCourses - Course CSE2138 created.
2023-12-19 20:42:27 INFO  JSONReader.readCourses - Course STAT2253 created.
2023-12-19 20:42:27 INFO  JSONReader.readCourses - Course CSE3055 created.
2023-12-19 20:42:27 INFO  JSONReader.readCourses - Course CSE3033 created.
2023-12-19 20:42:27 INFO  JSONReader.readCourses - Course CSE3063 created.
2023-12-19 20:42:27 INFO  JSONReader.readCourses - Course CSE3215 created.
2023-12-19 20:42:27 INFO  JSONReader.readCourses - Course IE3081 created.
2023-12-19 20:42:27 INFO  JSONReader.readCourses - Course COM2202 created.
2023-12-19 20:42:27 INFO  JSONReader.readCourses - Course CSE3044 created.
2023-12-19 20:42:27 INFO  JSONReader.readCourses - Course CSE3264 created.
2023-12-19 20:42:27 INFO  JSONReader.readCourses - Course CSE3038 created.
2023-12-19 20:42:27 INFO  JSONReader.readCourses - Course CSE3048 created.
2023-12-19 20:42:27 INFO  JSONReader.readCourses - Course IE3235 created.
2023-12-19 20:42:27 INFO  JSONReader.readCourses - Course CSE4074 created.
2023-12-19 20:42:27 INFO  JSONReader.readCourses - Course CSE4219 created.
2023-12-19 20:42:27 INFO  JSONReader.readCourses - Course CSE4288 created.
2023-12-19 20:42:27 INFO  JSONReader.readCourses - Course ISG121 created.
2023-12-19 20:42:27 INFO  JSONReader.readCourses - Course ISG122 created.
2023-12-19 20:42:27 INFO  JSONReader.readCourses - Course CSE4075 created.
2023-12-19 20:42:27 INFO  JSONReader.readCourses - Course CSE4034 created.
2023-12-19 20:42:27 INFO  JSONReader.readCourses - Course CSE4061 created.
2023-12-19 20:42:27 INFO  JSONReader.readCourses - Course CSE4217 created.
2023-12-19 20:42:27 INFO  JSONReader.readCourses - Course CSE4044 created.
2023-12-19 20:42:27 INFO  JSONReader.readCourses - Course BUS1003 created.
2023-12-19 20:42:27 INFO  JSONReader.readCourses - Course BUS1004 created.
2023-12-19 20:42:27 INFO  JSONReader.readCourses - Course BUS2005 created.
2023-12-19 20:42:27 INFO  JSONReader.readCourses - Course ME3022 created.
2023-12-19 20:42:27 INFO  JSONReader.readCourses - Course ME4022 created.
2023-12-19 20:42:27 INFO  JSONReader.readCourses - Course CAS3044 created.
2023-12-19 20:42:27 INFO  JSONReader.readCourses - Course FNCE3003 created.
2023-12-19 20:42:27 INFO  JSONReader.readCourses - Course CSE4297 created.
2023-12-19 20:42:27 INFO  JSONReader.readCourses - Course CSE4298 created.
2023-12-19 20:42:27 INFO  JSONReader.readAssistants - Assistant created with ID: 130210011
2023-12-19 20:42:27 INFO  JSONReader.readAssistants - Assistant created with ID: 130210026
2023-12-19 20:42:27 INFO  JSONReader.readAssistants - Assistant created with ID: 130212039
2023-12-19 20:42:27 INFO  JSONReader.readAssistants - Assistant created with ID: 130211013
2023-12-19 20:42:27 INFO  JSONReader.readLabSections - Lab section created with code: CSE1241.1
2023-12-19 20:42:27 INFO  JSONReader.readLabSections - Lab section created with code: CSE1241.2
2023-12-19 20:42:27 INFO  JSONReader.readLabSections - Lab section created with code: PHYS1103.1
2023-12-19 20:42:27 INFO  JSONReader.readLabSections - Lab section created with code: PHYS1103.2
2023-12-19 20:42:27 INFO  JSONReader.readLabSections - Lab section created with code: PHYS1103.3
2023-12-19 20:42:27 INFO  JSONReader.readLabSections - Lab section created with code: CSE1242.1
2023-12-19 20:42:27 INFO  JSONReader.readLabSections - Lab section created with code: CSE1242.2
2023-12-19 20:42:27 INFO  JSONReader.readLabSections - Lab section created with code: PHYS1104.1
2023-12-19 20:42:27 INFO  JSONReader.readLabSections - Lab section created with code: PHYS1104.2
2023-12-19 20:42:27 INFO  JSONReader.readLabSections - Lab section created with code: PHYS1104.3
2023-12-19 20:42:27 INFO  JSONReader.readLabSections - Lab section created with code: CSE2138.1
2023-12-19 20:42:27 INFO  JSONReader.readLabSections - Lab section created with code: CSE2138.2
2023-12-19 20:42:27 INFO  JSONReader.readLabSections - Lab section created with code: EE2032.1
2023-12-19 20:42:27 INFO  JSONReader.readLabSections - Lab section created with code: EE2032.2
2023-12-19 20:42:27 INFO  JSONReader.readLabSections - Lab section created with code: EE2032.3
2023-12-19 20:42:27 INFO  JSONReader.readLabSections - Lab section created with code: CSE3033.1
2023-12-19 20:42:27 INFO  JSONReader.readLabSections - Lab section created with code: CSE3033.2
2023-12-19 20:42:27 INFO  JSONReader.readLabSections - Lab section created with code: CSE3055.1
2023-12-19 20:42:27 INFO  JSONReader.readLabSections - Lab section created with code: CSE3055.2
2023-12-19 20:42:27 INFO  JSONReader.readLabSections - Lab section created with code: CSE4219.1
2023-12-19 20:42:27 INFO  JSONReader.readLabSections - Lab section created with code: CSE4219.2
2023-12-19 20:42:27 INFO  JSONReader.readLecturers - Lecturer created with ID: 130106001
2023-12-19 20:42:27 INFO  JSONReader.readLecturers - Lecturer created with ID: 130108003
2023-12-19 20:42:27 INFO  JSONReader.readLecturers - Lecturer created with ID: 130109007
2023-12-19 20:42:27 INFO  JSONReader.readLecturers - Lecturer created with ID: 130117006
2023-12-19 20:42:27 INFO  JSONReader.readLecturers - Lecturer created with ID: 130118011
2023-12-19 20:42:27 INFO  JSONReader.readLecturers - Lecturer created with ID: 130109002
2023-12-19 20:42:27 INFO  JSONReader.readLecturers - Lecturer created with ID: 130111003
2023-12-19 20:42:27 INFO  JSONReader.readLecturers - Lecturer created with ID: 130113003
2023-12-19 20:42:27 INFO  JSONReader.readLecturers - Lecturer created with ID: 130112003
2023-12-19 20:42:27 INFO  JSONReader.readLecturers - Lecturer created with ID: 130114005
2023-12-19 20:42:27 INFO  JSONReader.readLecturers - Lecturer created with ID: 130112006
2023-12-19 20:42:27 INFO  JSONReader.readLecturers - Lecturer created with ID: 130114011
2023-12-19 20:42:27 INFO  JSONReader.readLecturers - Lecturer created with ID: 130112017
2023-12-19 20:42:27 INFO  JSONReader.readLecturers - Lecturer created with ID: 130114009
2023-12-19 20:42:27 INFO  JSONReader.readLecturers - Lecturer created with ID: 130114002
2023-12-19 20:42:27 INFO  JSONReader.readLecturers - Lecturer created with ID: 130115001
2023-12-19 20:42:27 INFO  JSONReader.readLecturers - Lecturer created with ID: 130117005
2023-12-19 20:42:27 INFO  JSONReader.readLecturers - Lecturer created with ID: 130111006
2023-12-19 20:42:27 INFO  JSONReader.readStudents - Student created with ID: 150120097
2023-12-19 20:42:27 INFO  JSONReader.readTranscript - Transcript created for student with ID: 150120097
2023-12-19 20:42:27 INFO  JSONReader.readStudents - Student created with ID: 150121073
2023-12-19 20:42:27 INFO  JSONReader.readTranscript - Transcript created for student with ID: 150121073
2023-12-19 20:42:27 INFO  JSONReader.readStudents - Student created with ID: 150121091
2023-12-19 20:42:27 INFO  JSONReader.readTranscript - Transcript created for student with ID: 150121091
2023-12-19 20:42:27 INFO  JSONReader.readStudents - Student created with ID: 150120045
2023-12-19 20:42:27 INFO  JSONReader.readTranscript - Transcript created for student with ID: 150120045
2023-12-19 20:42:27 INFO  JSONReader.readStudents - Student created with ID: 150120090
2023-12-19 20:42:27 INFO  JSONReader.readTranscript - Transcript created for student with ID: 150120090
2023-12-19 20:42:27 INFO  JSONReader.readStudents - Student created with ID: 150121075
2023-12-19 20:42:27 INFO  JSONReader.readTranscript - Transcript created for student with ID: 150121075
2023-12-19 20:42:27 INFO  JSONReader.readStudents - Student created with ID: 150120047
2023-12-19 20:42:27 INFO  JSONReader.readTranscript - Transcript created for student with ID: 150120047
2023-12-19 20:42:27 INFO  JSONReader.readStudents - Student created with ID: 150120083
2023-12-19 20:42:27 INFO  JSONReader.readTranscript - Transcript created for student with ID: 150120083
2023-12-19 20:42:27 INFO  JSONReader.readStudents - Student created with ID: 150121067
2023-12-19 20:42:27 INFO  JSONReader.readTranscript - Transcript created for student with ID: 150121067
2023-12-19 20:42:27 INFO  JSONReader.readStudents - Student created with ID: 150121059
2023-12-19 20:42:27 INFO  JSONReader.readTranscript - Transcript created for student with ID: 150121059
2023-12-19 20:42:27 INFO  JSONReader.readStudents - Student created with ID: 150122001
2023-12-19 20:42:27 INFO  JSONReader.readTranscript - Transcript created for student with ID: 150122001
2023-12-19 20:42:27 INFO  JSONReader.readStudents - Student created with ID: 150122002
2023-12-19 20:42:27 INFO  JSONReader.readTranscript - Transcript created for student with ID: 150122002
2023-12-19 20:42:27 INFO  JSONReader.readStudents - Student created with ID: 150122003
2023-12-19 20:42:27 INFO  JSONReader.readTranscript - Transcript created for student with ID: 150122003
2023-12-19 20:42:27 INFO  JSONReader.readStudents - Student created with ID: 150122004
2023-12-19 20:42:27 INFO  JSONReader.readTranscript - Transcript created for student with ID: 150122004
2023-12-19 20:42:27 INFO  JSONReader.readStudents - Student created with ID: 150122005
2023-12-19 20:42:27 INFO  JSONReader.readTranscript - Transcript created for student with ID: 150122005
2023-12-19 20:42:27 INFO  JSONReader.readStudents - Student created with ID: 150122006
2023-12-19 20:42:27 INFO  JSONReader.readTranscript - Transcript created for student with ID: 150122006
2023-12-19 20:42:27 INFO  JSONReader.readStudents - Student created with ID: 150122007
2023-12-19 20:42:27 INFO  JSONReader.readTranscript - Transcript created for student with ID: 150122007
2023-12-19 20:42:27 INFO  JSONReader.readStudents - Student created with ID: 150122008
2023-12-19 20:42:27 INFO  JSONReader.readTranscript - Transcript created for student with ID: 150122008
2023-12-19 20:42:27 INFO  JSONReader.readStudents - Student created with ID: 150123009
2023-12-19 20:42:27 INFO  JSONReader.readTranscript - Transcript created for student with ID: 150123009
2023-12-19 20:42:27 INFO  JSONReader.readStudents - Student created with ID: 150123010
2023-12-19 20:42:27 INFO  JSONReader.readTranscript - Transcript created for student with ID: 150123010
2023-12-19 20:42:27 INFO  JSONReader.readStudents - Student created with ID: 150121001
2023-12-19 20:42:27 INFO  JSONReader.readTranscript - Transcript created for student with ID: 150121001
2023-12-19 20:42:27 INFO  JSONReader.readStudents - Student created with ID: 150121002
2023-12-19 20:42:27 INFO  JSONReader.readTranscript - Transcript created for student with ID: 150121002
2023-12-19 20:42:27 INFO  JSONReader.readStudents - Student created with ID: 150121003
2023-12-19 20:42:27 INFO  JSONReader.readTranscript - Transcript created for student with ID: 150121003
2023-12-19 20:42:27 INFO  JSONReader.readStudents - Student created with ID: 150122014
2023-12-19 20:42:27 INFO  JSONReader.readTranscript - Transcript created for student with ID: 150122014
2023-12-19 20:42:27 INFO  JSONReader.readStudents - Student created with ID: 150122015
2023-12-19 20:42:27 INFO  JSONReader.readTranscript - Transcript created for student with ID: 150122015
2023-12-19 20:42:27 INFO  JSONReader.readStudents - Student created with ID: 150120001
2023-12-19 20:42:27 INFO  JSONReader.readTranscript - Transcript created for student with ID: 150120001
2023-12-19 20:42:27 INFO  JSONReader.readStudents - Student created with ID: 150120002
2023-12-19 20:42:27 INFO  JSONReader.readTranscript - Transcript created for student with ID: 150120002
2023-12-19 20:42:27 INFO  JSONReader.readStudents - Student created with ID: 150120003
2023-12-19 20:42:27 INFO  JSONReader.readTranscript - Transcript created for student with ID: 150120003
2023-12-19 20:42:27 INFO  JSONReader.readStudents - Student created with ID: 150120004
2023-12-19 20:42:27 INFO  JSONReader.readTranscript - Transcript created for student with ID: 150120004
2023-12-19 20:42:27 INFO  JSONReader.readStudents - Student created with ID: 150120005
2023-12-19 20:42:27 INFO  JSONReader.readTranscript - Transcript created for student with ID: 150120005
2023-12-19 20:42:27 INFO  JSONReader.readStudents - Student created with ID: 150121017
2023-12-19 20:42:27 INFO  JSONReader.readTranscript - Transcript created for student with ID: 150121017
2023-12-19 20:42:27 INFO  JSONReader.readStudents - Student created with ID: 150121018
2023-12-19 20:42:27 INFO  JSONReader.readTranscript - Transcript created for student with ID: 150121018
2023-12-19 20:42:27 INFO  JSONReader.readStudents - Student created with ID: 150119001
2023-12-19 20:42:27 INFO  JSONReader.readTranscript - Transcript created for student with ID: 150119001
2023-12-19 20:42:27 INFO  JSONReader.readStudents - Student created with ID: 150119002
2023-12-19 20:42:27 INFO  JSONReader.readTranscript - Transcript created for student with ID: 150119002
2023-12-19 20:42:27 INFO  JSONReader.readStudents - Student created with ID: 150119003
2023-12-19 20:42:27 INFO  JSONReader.readTranscript - Transcript created for student with ID: 150119003
2023-12-19 20:42:27 INFO  JSONReader.readStudents - Student created with ID: 150119004
2023-12-19 20:42:27 INFO  JSONReader.readTranscript - Transcript created for student with ID: 150119004
2023-12-19 20:42:27 INFO  JSONReader.readStudents - Student created with ID: 150119005
2023-12-19 20:42:27 INFO  JSONReader.readTranscript - Transcript created for student with ID: 150119005
2023-12-19 20:42:27 INFO  JSONReader.readStudents - Student created with ID: 150119006
2023-12-19 20:42:27 INFO  JSONReader.readTranscript - Transcript created for student with ID: 150119006
2023-12-19 20:42:27 INFO  JSONReader.readStudents - Student created with ID: 150119007
2023-12-19 20:42:27 INFO  JSONReader.readTranscript - Transcript created for student with ID: 150119007
2023-12-19 20:42:27 INFO  JSONReader.readStudents - Student created with ID: 150119008
2023-12-19 20:42:27 INFO  JSONReader.readTranscript - Transcript created for student with ID: 150119008
2023-12-19 20:42:27 INFO  JSONReader.readAdvisors - Advisor created with ID: 130116002
2023-12-19 20:42:27 INFO  JSONReader.readAdvisors - Advisor created with ID: 130113008
2023-12-19 20:42:27 INFO  JSONReader.readAdvisors - Advisor created with ID: 130110002
2023-12-19 20:42:27 INFO  JSONReader.readAdvisors - Advisor created with ID: 130110005
2023-12-19 20:42:27 INFO  JSONReader.readAdvisors - Advisor created with ID: 130110009
2023-12-19 20:42:27 INFO  JSONReader.start - JSON data read and objects synchronized for department: CSE
2023-12-19 20:42:51 INFO  CourseRegistrationSystem.mainMenu - User navigated to the login page.
2023-12-19 20:42:52 INFO  CourseRegistrationSystem.loginMenu - 150121073 Tuğba Yaşar logged in.
2023-12-19 20:43:46 INFO  CourseRegistrationSystem.courseSelectionMenu - Student Tuğba Yaşar logged out.
2023-12-19 20:43:47 INFO  CourseRegistrationSystem.loginMenu - 150123010 Neslihan Sayan logged in.
2023-12-19 20:44:20 INFO  Student.addMandatoryCourse - Student 150123010 added CSE1241 to draft.
2023-12-19 20:46:44 INFO  Student.removeCourseFromDraft - Student 150123010 removed CSE1241 from draft.
2023-12-19 20:46:54 INFO  Student.addMandatoryCourse - Student 150123010 added CSE1241 to draft.
2023-12-19 20:46:58 INFO  Student.removeCourseFromDraft - Student 150123010 removed CSE1241 from draft.
2023-12-19 20:46:59 ERROR CourseRegistrationSystem.getInput - User entered a invalid input. -> Input: 
2023-12-19 20:47:06 INFO  Student.addMandatoryCourse - Student 150123010 added CSE1241 to draft.
2023-12-19 20:47:12 INFO  Student.addMandatoryCourse - Student 150123010 added MBG1201 to draft.
2023-12-19 20:47:14 WARN  Student.addMandatoryCourse - Student 150123010 entered invalid input.
2023-12-19 20:47:22 INFO  Student.addMandatoryCourse - Student 150123010 added PHYS1103 to draft.
2023-12-19 20:47:26 INFO  Student.sendRequest - Student 150123010 sent a request to advisor 130110002.
2023-12-19 20:47:57 INFO  CourseRegistrationSystem.courseSelectionMenu - Student Neslihan Sayan logged out.
2023-12-19 20:48:00 INFO  CourseRegistrationSystem.loginMenu - 130110002 Yekta Arslan logged in.
2023-12-19 20:48:06 INFO  Notification.sendNotification - Notification sent to student 150123010 that their request has been rejected.
2023-12-19 20:48:06 INFO  Advisor.replyRequests - Advisor 130110002 approved request of student 150123010
2023-12-19 20:48:09 INFO  CourseRegistrationSystem.advisorMenu - Advisor Yekta Arslan exited the system.
2023-12-19 20:48:09 INFO  JSONWriter.writeJson - Writing JSON data for the department
2023-12-19 20:48:09 INFO  JSONWriter.writeJson - JSON data for the department has been written
2023-12-19 20:48:09 INFO  CourseRegistrationSystem.exitProgram - User exited the system.
