2023-12-19 12:56:59 INFO  JSONReader.readDepartments - Department CSE created.
2023-12-19 12:56:59 INFO  JSONReader.start - Reading JSON data and synchronizing objects for department: CSE
2023-12-19 12:56:59 INFO  JSONReader.readCourses - Course MATH1001 created.
2023-12-19 12:56:59 INFO  JSONReader.readCourses - Course CSE1200 created.
2023-12-19 12:56:59 INFO  JSONReader.readCourses - Course CSE1241 created.
2023-12-19 12:56:59 INFO  JSONReader.readCourses - Course PHYS1101 created.
2023-12-19 12:56:59 INFO  JSONReader.readCourses - Course MBG1201 created.
2023-12-19 12:56:59 INFO  JSONReader.readCourses - Course ATA121 created.
2023-12-19 12:56:59 INFO  JSONReader.readCourses - Course TRD121 created.
2023-12-19 12:56:59 INFO  JSONReader.readCourses - Course PHYS1103 created.
2023-12-19 12:56:59 INFO  JSONReader.readCourses - Course MATH1002 created.
2023-12-19 12:56:59 INFO  JSONReader.readCourses - Course PHYS1104 created.
2023-12-19 12:56:59 INFO  JSONReader.readCourses - Course CSE1242 created.
2023-12-19 12:56:59 INFO  JSONReader.readCourses - Course PHYS1102 created.
2023-12-19 12:56:59 INFO  JSONReader.readCourses - Course ATA122 created.
2023-12-19 12:56:59 INFO  JSONReader.readCourses - Course MATH2256 created.
2023-12-19 12:56:59 INFO  JSONReader.readCourses - Course TRD122 created.
2023-12-19 12:56:59 INFO  JSONReader.readCourses - Course MATH2059 created.
2023-12-19 12:56:59 INFO  JSONReader.readCourses - Course CSE2225 created.
2023-12-19 12:56:59 INFO  JSONReader.readCourses - Course CSE2023 created.
2023-12-19 12:56:59 INFO  JSONReader.readCourses - Course EE2031 created.
2023-12-19 12:56:59 INFO  JSONReader.readCourses - Course ECON2004 created.
2023-12-19 12:56:59 INFO  JSONReader.readCourses - Course MATH2055 created.
2023-12-19 12:56:59 INFO  JSONReader.readCourses - Course CSE2246 created.
2023-12-19 12:56:59 INFO  JSONReader.readCourses - Course CSE2260 created.
2023-12-19 12:56:59 INFO  JSONReader.readCourses - Course EE2032 created.
2023-12-19 12:56:59 INFO  JSONReader.readCourses - Course CSE2138 created.
2023-12-19 12:56:59 INFO  JSONReader.readCourses - Course STAT2253 created.
2023-12-19 12:56:59 INFO  JSONReader.readCourses - Course CSE3055 created.
2023-12-19 12:56:59 INFO  JSONReader.readCourses - Course CSE3033 created.
2023-12-19 12:56:59 INFO  JSONReader.readCourses - Course CSE3063 created.
2023-12-19 12:56:59 INFO  JSONReader.readCourses - Course CSE3215 created.
2023-12-19 12:56:59 INFO  JSONReader.readCourses - Course IE3081 created.
2023-12-19 12:56:59 INFO  JSONReader.readCourses - Course COM2202 created.
2023-12-19 12:56:59 INFO  JSONReader.readCourses - Course CSE3044 created.
2023-12-19 12:56:59 INFO  JSONReader.readCourses - Course CSE3264 created.
2023-12-19 12:56:59 INFO  JSONReader.readCourses - Course CSE3038 created.
2023-12-19 12:56:59 INFO  JSONReader.readCourses - Course CSE3048 created.
2023-12-19 12:56:59 INFO  JSONReader.readCourses - Course IE3235 created.
2023-12-19 12:56:59 INFO  JSONReader.readCourses - Course CSE4074 created.
2023-12-19 12:56:59 INFO  JSONReader.readCourses - Course CSE4219 created.
2023-12-19 12:56:59 INFO  JSONReader.readCourses - Course CSE4288 created.
2023-12-19 12:56:59 INFO  JSONReader.readCourses - Course ISG121 created.
2023-12-19 12:56:59 INFO  JSONReader.readCourses - Course ISG122 created.
2023-12-19 12:56:59 INFO  JSONReader.readCourses - Course CSE4075 created.
2023-12-19 12:56:59 INFO  JSONReader.readCourses - Course CSE4034 created.
2023-12-19 12:56:59 INFO  JSONReader.readCourses - Course CSE4061 created.
2023-12-19 12:56:59 INFO  JSONReader.readCourses - Course CSE4217 created.
2023-12-19 12:56:59 INFO  JSONReader.readCourses - Course CSE4044 created.
2023-12-19 12:56:59 INFO  JSONReader.readCourses - Course BUS1003 created.
2023-12-19 12:56:59 INFO  JSONReader.readCourses - Course BUS1004 created.
2023-12-19 12:56:59 INFO  JSONReader.readCourses - Course BUS2005 created.
2023-12-19 12:56:59 INFO  JSONReader.readCourses - Course ME3022 created.
2023-12-19 12:56:59 INFO  JSONReader.readCourses - Course ME4022 created.
2023-12-19 12:56:59 INFO  JSONReader.readCourses - Course CAS3044 created.
2023-12-19 12:56:59 INFO  JSONReader.readCourses - Course FNCE3003 created.
2023-12-19 12:56:59 INFO  JSONReader.readCourses - Course CSE4297 created.
2023-12-19 12:56:59 INFO  JSONReader.readCourses - Course CSE4298 created.
2023-12-19 12:56:59 INFO  JSONReader.readAssistants - Assistant created with ID: 130210011
2023-12-19 12:56:59 INFO  JSONReader.readAssistants - Assistant created with ID: 130210026
2023-12-19 12:56:59 INFO  JSONReader.readAssistants - Assistant created with ID: 130212039
2023-12-19 12:56:59 INFO  JSONReader.readAssistants - Assistant created with ID: 130211013
